# Logfile created on 2014-01-08 00:46:25 +0800 by logger.rb/44203
I, [2014-01-08T00:46:25.494403 #12609]  INFO -- : 0:  rack (1.5.2) from /Users/bobo/.rvm/gems/ruby-2.1.0/specifications/rack-1.5.2.gemspec
I, [2014-01-08T00:46:25.494711 #12609]  INFO -- : 0:  rack-protection (1.5.1) from /Users/bobo/.rvm/gems/ruby-2.1.0/specifications/rack-protection-1.5.1.gemspec
I, [2014-01-08T00:46:25.494932 #12609]  INFO -- : 0:  tilt (1.4.1) from /Users/bobo/.rvm/gems/ruby-2.1.0/specifications/tilt-1.4.1.gemspec
I, [2014-01-08T00:46:25.495151 #12609]  INFO -- : 0:  sinatra (1.4.4) from /Users/bobo/.rvm/gems/ruby-2.1.0/specifications/sinatra-1.4.4.gemspec
I, [2014-01-08T00:46:25.495371 #12609]  INFO -- : 0:  bundler (1.5.1) from /Users/bobo/.rvm/gems/ruby-2.1.0/specifications/bundler-1.5.1.gemspec
I, [2014-01-08T00:46:48.258931 #12714]  INFO -- : 0:  rack (1.5.2) from /Users/bobo/.rvm/gems/ruby-2.1.0/specifications/rack-1.5.2.gemspec
I, [2014-01-08T00:46:48.259248 #12714]  INFO -- : 0:  rack-protection (1.5.1) from /Users/bobo/.rvm/gems/ruby-2.1.0/specifications/rack-protection-1.5.1.gemspec
I, [2014-01-08T00:46:48.259475 #12714]  INFO -- : 0:  tilt (1.4.1) from /Users/bobo/.rvm/gems/ruby-2.1.0/specifications/tilt-1.4.1.gemspec
I, [2014-01-08T00:46:48.259715 #12714]  INFO -- : 0:  sinatra (1.4.4) from /Users/bobo/.rvm/gems/ruby-2.1.0/specifications/sinatra-1.4.4.gemspec
I, [2014-01-08T00:46:48.259919 #12714]  INFO -- : 0:  bundler (1.5.1) from /Users/bobo/.rvm/gems/ruby-2.1.0/specifications/bundler-1.5.1.gemspec
I, [2014-01-08T00:52:03.658360 #14045]  INFO -- : 0:  rack (1.5.2) from /Users/bobo/.rvm/gems/ruby-2.1.0/specifications/rack-1.5.2.gemspec
I, [2014-01-08T00:52:03.659037 #14045]  INFO -- : 0:  rack-protection (1.5.1) from /Users/bobo/.rvm/gems/ruby-2.1.0/specifications/rack-protection-1.5.1.gemspec
I, [2014-01-08T00:52:03.659302 #14045]  INFO -- : 0:  tilt (1.4.1) from /Users/bobo/.rvm/gems/ruby-2.1.0/specifications/tilt-1.4.1.gemspec
I, [2014-01-08T00:52:03.659522 #14045]  INFO -- : 0:  sinatra (1.4.4) from /Users/bobo/.rvm/gems/ruby-2.1.0/specifications/sinatra-1.4.4.gemspec
I, [2014-01-08T00:52:03.659731 #14045]  INFO -- : 0:  bundler (1.5.1) from /Users/bobo/.rvm/gems/ruby-2.1.0/specifications/bundler-1.5.1.gemspec
I, [2014-01-08T00:52:25.737446 #14154]  INFO -- : 0:  json (1.8.1) from /Users/bobo/.rvm/gems/ruby-2.1.0/specifications/json-1.8.1.gemspec
I, [2014-01-08T00:52:25.737761 #14154]  INFO -- : 0:  rack (1.5.2) from /Users/bobo/.rvm/gems/ruby-2.1.0/specifications/rack-1.5.2.gemspec
I, [2014-01-08T00:52:25.737991 #14154]  INFO -- : 0:  rack-protection (1.5.1) from /Users/bobo/.rvm/gems/ruby-2.1.0/specifications/rack-protection-1.5.1.gemspec
I, [2014-01-08T00:52:25.738264 #14154]  INFO -- : 0:  redis (3.0.6) from /Users/bobo/.rvm/gems/ruby-2.1.0/specifications/redis-3.0.6.gemspec
I, [2014-01-08T00:52:25.738475 #14154]  INFO -- : 0:  tilt (1.4.1) from /Users/bobo/.rvm/gems/ruby-2.1.0/specifications/tilt-1.4.1.gemspec
I, [2014-01-08T00:52:25.738692 #14154]  INFO -- : 0:  sinatra (1.4.4) from /Users/bobo/.rvm/gems/ruby-2.1.0/specifications/sinatra-1.4.4.gemspec
I, [2014-01-08T00:52:25.738900 #14154]  INFO -- : 0:  bundler (1.5.1) from /Users/bobo/.rvm/gems/ruby-2.1.0/specifications/bundler-1.5.1.gemspec
I, [2014-01-08T00:52:55.782923 #14318]  INFO -- : 3:  bundler (1.5.1) from /Users/bobo/.rvm/gems/ruby-2.1.0/specifications/bundler-1.5.1.gemspec
I, [2014-01-08T00:52:55.782924 #14319]  INFO -- : 4:  rack (1.5.2) from /Users/bobo/.rvm/gems/ruby-2.1.0/specifications/rack-1.5.2.gemspec
I, [2014-01-08T00:52:55.783126 #14315]  INFO -- : 0:  json (1.8.1) from /Users/bobo/.rvm/gems/ruby-2.1.0/specifications/json-1.8.1.gemspec
I, [2014-01-08T00:52:55.784039 #14321]  INFO -- : 6:  redis (3.0.6) from /Users/bobo/.rvm/gems/ruby-2.1.0/specifications/redis-3.0.6.gemspec
I, [2014-01-08T00:52:55.784611 #14318]  INFO -- : 3:  rack-protection (1.5.1) from /Users/bobo/.rvm/gems/ruby-2.1.0/specifications/rack-protection-1.5.1.gemspec
I, [2014-01-08T00:52:55.786006 #14317]  INFO -- : 2:  tilt (1.4.1) from /Users/bobo/.rvm/gems/ruby-2.1.0/specifications/tilt-1.4.1.gemspec
I, [2014-01-08T00:52:55.792606 #14316]  INFO -- : 1:  shotgun (0.9) from /Users/bobo/.rvm/gems/ruby-2.1.0/specifications/shotgun-0.9.gemspec
I, [2014-01-08T00:52:55.793780 #14320]  INFO -- : 5:  sinatra (1.4.4) from /Users/bobo/.rvm/gems/ruby-2.1.0/specifications/sinatra-1.4.4.gemspec
